<?xml version="1.0" encoding="UTF-8"?>
<testng-results skipped="0" failed="0" ignored="0" total="1" passed="1">
  <reporter-output>
  </reporter-output>
  <suite name="Suite" duration-ms="115" started-at="2020-02-23T13:10:49Z" finished-at="2020-02-23T13:10:50Z">
    <groups>
    </groups>
    <test name="Test" duration-ms="115" started-at="2020-02-23T13:10:49Z" finished-at="2020-02-23T13:10:50Z">
      <class name="shourya.shourya">
        <test-method status="PASS" signature="setUp()[pri:0, instance:shourya.shourya@5ec0a365]" name="setUp" is-config="true" duration-ms="27" started-at="2020-02-23T13:10:49Z" finished-at="2020-02-23T13:10:50Z">
          <reporter-output>
          </reporter-output>
        </test-method> <!-- setUp -->
        <test-method status="PASS" signature="main()[pri:0, instance:shourya.shourya@5ec0a365]" name="main" duration-ms="8" started-at="2020-02-23T13:10:50Z" finished-at="2020-02-23T13:10:50Z">
          <reporter-output>
          </reporter-output>
        </test-method> <!-- main -->
      </class> <!-- shourya.shourya -->
    </test> <!-- Test -->
  </suite> <!-- Suite -->
</testng-results>
